<?xml version="1.0" encoding="UTF-8"?>
<!-- Generated by org.testng.reporters.JUnitXMLReporter -->
<testsuite hostname="hp" ignored="0" name="Default test" tests="4" failures="0" timestamp="18 May 2019 12:43:18 GMT" time="27.139" errors="0">
  <testcase name="rediffregtest" time="1.007" classname="com.driven.test.RediffTestNG"/>
  <testcase name="rediffregtest" time="0.881" classname="com.driven.test.RediffTestNG"/>
  <testcase name="rediffregtest" time="0.883" classname="com.driven.test.RediffTestNG"/>
  <testcase name="rediffregtest" time="0.846" classname="com.driven.test.RediffTestNG"/>
</testsuite> <!-- Default test -->
